#
# An unexpected error has been detected by Java Runtime Environment:
#
#  EXCEPTION_ACCESS_VIOLATION (0xc0000005) at pc=0x011f2d4a, pid=5728, tid=5968
#
# Java VM: Java HotSpot(TM) Client VM (11.3-b02 mixed mode windows-x86)
# Problematic frame:
# C  [jmam.dll+0x2d4a]
#
# If you would like to submit a bug report, please visit:
#   http://java.sun.com/webapps/bugreport/crash.jsp
# The crash happened outside the Java Virtual Machine in native code.
# See problematic frame for where to report the bug.
#

---------------  T H R E A D  ---------------

Current thread (0x0ba39c00):  JavaThread "JMF thread (PlayThread)" [_thread_in_native, id=5968, stack(0x108c0000,0x10910000)]

siginfo: ExceptionCode=0xc0000005, reading address 0x00000000

Registers:
EAX=0x00000000, EBX=0x07bc4718, ECX=0x00000000, EDX=0x1090f7a4
ESP=0x1090f79c, EBP=0x1090f7dc, ESI=0x07bc4718, EDI=0x0ba39c00
EIP=0x011f2d4a, EFLAGS=0x00010246

Top of Stack: (sp=0x1090f79c)
0x1090f79c:   00000000 1090f7a4 0ba39c00 1090f9d0
0x1090f7ac:   017b9d11 00138c94 00000000 6d9e09f5
0x1090f7bc:   1090f7bc 00000000 1090f7ec 07bc5ac8
0x1090f7cc:   00000000 07bc4718 00000000 1090f7ec
0x1090f7dc:   1090f810 017b2e83 00000000 017b8189
0x1090f7ec:   038528f8 1090f7f0 07bc61eb 1090f820
0x1090f7fc:   07bc6d50 00000000 07bc6218 1090f7ec
0x1090f80c:   1090f820 1090f844 017b2e83 00000000 

Instructions: (pc=0x011f2d4a)
0x011f2d3a:   50 8b 08 ff 51 24 8d 54 24 00 8b 44 24 10 52 50
0x011f2d4a:   8b 08 ff 51 0c 8b 44 24 10 50 8b 08 ff 51 08 8b 


Stack: [0x108c0000,0x10910000],  sp=0x1090f79c,  free space=317k
Native frames: (J=compiled Java code, j=interpreted, Vv=VM code, C=native code)
C  [jmam.dll+0x2d4a]
j  com.sun.media.amovie.AMController$AMTimeBase.getMediaTime()J+19
j  com.sun.media.amovie.AMController$AMTimeBase.getNanoseconds()J+1
j  com.sun.media.BasicClock.syncStart(Ljavax/media/Time;)V+25
j  com.sun.media.BasicController.syncStart(Ljavax/media/Time;)V+29
j  com.sun.media.BasicPlayer.syncStart(Ljavax/media/Time;)V+156
j  com.sun.media.BasicPlayer.play()V+150
j  com.sun.media.PlayThread.run()V+4
v  ~StubRoutines::call_stub

Java frames: (J=compiled Java code, j=interpreted, Vv=VM code)
j  com.sun.media.amovie.ActiveMovie.getTime()J+0
j  com.sun.media.amovie.AMController$AMTimeBase.getMediaTime()J+19
j  com.sun.media.amovie.AMController$AMTimeBase.getNanoseconds()J+1
j  com.sun.media.BasicClock.syncStart(Ljavax/media/Time;)V+25
j  com.sun.media.BasicController.syncStart(Ljavax/media/Time;)V+29
j  com.sun.media.BasicPlayer.syncStart(Ljavax/media/Time;)V+156
j  com.sun.media.BasicPlayer.play()V+150
j  com.sun.media.PlayThread.run()V+4
v  ~StubRoutines::call_stub

---------------  P R O C E S S  ---------------

Java Threads: ( => current thread )
  0x01219000 JavaThread "DestroyJavaVM" [_thread_blocked, id=5716, stack(0x00140000,0x00190000)]
  0x0ba38c00 JavaThread "JMF thread: TimedStartThread ( startThread: com.sun.media.amovie.AMController@17ce4e7 )" [_thread_in_native, id=5952, stack(0x0bdc0000,0x0be10000)]
=>0x0ba39c00 JavaThread "JMF thread (PlayThread)" [_thread_in_native, id=5968, stack(0x108c0000,0x10910000)]
  0x0ba39000 JavaThread "Loop thread" [_thread_blocked, id=5988, stack(0x0be10000,0x0be60000)]
  0x01799c00 JavaThread "Low Memory Detector" daemon [_thread_blocked, id=5736, stack(0x0b8f0000,0x0b940000)]
  0x01787000 JavaThread "CompilerThread0" daemon [_thread_blocked, id=5724, stack(0x0b8a0000,0x0b8f0000)]
  0x01782800 JavaThread "Attach Listener" daemon [_thread_blocked, id=5772, stack(0x0b850000,0x0b8a0000)]
  0x01777c00 JavaThread "Signal Dispatcher" daemon [_thread_blocked, id=5784, stack(0x0b800000,0x0b850000)]
  0x01741000 JavaThread "Finalizer" daemon [_thread_blocked, id=5756, stack(0x0b7b0000,0x0b800000)]
  0x0173c800 JavaThread "Reference Handler" daemon [_thread_blocked, id=5752, stack(0x01270000,0x012c0000)]

Other Threads:
  0x01738800 VMThread [stack: 0x01220000,0x01270000] [id=5676]
  0x017a3800 WatcherThread [stack: 0x0b940000,0x0b990000] [id=5740]

VM state:not at safepoint (normal execution)

VM Mutex/Monitor currently owned by a thread: None

Heap
 def new generation   total 960K, used 814K [0x037b0000, 0x038b0000, 0x03c90000)
  eden space 896K,  83% used [0x037b0000, 0x0386bb20, 0x03890000)
  from space 64K,  99% used [0x038a0000, 0x038afff8, 0x038b0000)
  to   space 64K,   0% used [0x03890000, 0x03890000, 0x038a0000)
 tenured generation   total 4096K, used 374K [0x03c90000, 0x04090000, 0x077b0000)
   the space 4096K,   9% used [0x03c90000, 0x03ced8a0, 0x03ceda00, 0x04090000)
 compacting perm gen  total 12288K, used 4189K [0x077b0000, 0x083b0000, 0x0b7b0000)
   the space 12288K,  34% used [0x077b0000, 0x07bc7730, 0x07bc7800, 0x083b0000)
No shared spaces configured.

Dynamic libraries:
0x00400000 - 0x00424000 	D:\MyEclipse 10\Common\binary\com.sun.java.jdk.win32.x86_1.6.0.013\bin\javaw.exe
0x77b70000 - 0x77cac000 	C:\Windows\SYSTEM32\ntdll.dll
0x777a0000 - 0x77874000 	C:\Windows\system32\kernel32.dll
0x75e40000 - 0x75e8b000 	C:\Windows\system32\KERNELBASE.dll
0x76e60000 - 0x76f00000 	C:\Windows\system32\ADVAPI32.dll
0x77540000 - 0x775ec000 	C:\Windows\system32\msvcrt.dll
0x77310000 - 0x77329000 	C:\Windows\SYSTEM32\sechost.dll
0x76db0000 - 0x76e51000 	C:\Windows\system32\RPCRT4.dll
0x77640000 - 0x77709000 	C:\Windows\system32\USER32.dll
0x775f0000 - 0x7763e000 	C:\Windows\system32\GDI32.dll
0x77880000 - 0x7788a000 	C:\Windows\system32\LPK.dll
0x771c0000 - 0x7725d000 	C:\Windows\system32\USP10.dll
0x774f0000 - 0x7750f000 	C:\Windows\system32\IMM32.DLL
0x770f0000 - 0x771bc000 	C:\Windows\system32\MSCTF.dll
0x7c340000 - 0x7c396000 	D:\MyEclipse 10\Common\binary\com.sun.java.jdk.win32.x86_1.6.0.013\jre\bin\msvcr71.dll
0x6d8b0000 - 0x6db06000 	D:\MyEclipse 10\Common\binary\com.sun.java.jdk.win32.x86_1.6.0.013\jre\bin\client\jvm.dll
0x73b20000 - 0x73b52000 	C:\Windows\system32\WINMM.dll
0x75c30000 - 0x75c7b000 	C:\Windows\system32\apphelp.dll
0x6d340000 - 0x6d348000 	D:\MyEclipse 10\Common\binary\com.sun.java.jdk.win32.x86_1.6.0.013\jre\bin\hpi.dll
0x77330000 - 0x77335000 	C:\Windows\system32\PSAPI.DLL
0x6d860000 - 0x6d86c000 	D:\MyEclipse 10\Common\binary\com.sun.java.jdk.win32.x86_1.6.0.013\jre\bin\verify.dll
0x6d3e0000 - 0x6d3ff000 	D:\MyEclipse 10\Common\binary\com.sun.java.jdk.win32.x86_1.6.0.013\jre\bin\java.dll
0x6d8a0000 - 0x6d8af000 	D:\MyEclipse 10\Common\binary\com.sun.java.jdk.win32.x86_1.6.0.013\jre\bin\zip.dll
0x10000000 - 0x10015000 	C:\Windows\System32\jmutil.dll
0x6d0b0000 - 0x6d1fa000 	D:\MyEclipse 10\Common\binary\com.sun.java.jdk.win32.x86_1.6.0.013\jre\bin\awt.dll
0x75290000 - 0x752e1000 	C:\Windows\system32\WINSPOOL.DRV
0x76c50000 - 0x76dac000 	C:\Windows\system32\ole32.dll
0x74bc0000 - 0x74d5e000 	C:\Windows\WinSxS\x86_microsoft.windows.common-controls_6595b64144ccf1df_6.0.7600.16661_none_420fe3fa2b8113bd\comctl32.dll
0x77d40000 - 0x77d97000 	C:\Windows\system32\SHLWAPI.dll
0x011f0000 - 0x011fd000 	C:\Windows\System32\jmam.dll
0x75c80000 - 0x75c8c000 	C:\Windows\system32\CRYPTBASE.dll
0x74a60000 - 0x74aa0000 	C:\Windows\system32\uxtheme.dll
0x0bfb0000 - 0x0c08e000 	E:\360safe\safemon\safemon.dll
0x76000000 - 0x76c49000 	C:\Windows\system32\SHELL32.dll
0x77cb0000 - 0x77d3f000 	C:\Windows\system32\OLEAUT32.dll
0x752f0000 - 0x752f9000 	C:\Windows\system32\VERSION.dll
0x77890000 - 0x779ab000 	C:\Windows\system32\WININET.dll
0x77260000 - 0x77263000 	C:\Windows\system32\Normaliz.dll
0x779b0000 - 0x77b68000 	C:\Windows\system32\iertutil.dll
0x76f80000 - 0x77091000 	C:\Windows\system32\urlmon.dll
0x772d0000 - 0x77305000 	C:\Windows\system32\WS2_32.dll
0x774e0000 - 0x774e6000 	C:\Windows\system32\NSI.dll
0x77710000 - 0x77793000 	C:\Windows\system32\CLBCatQ.DLL
0x74690000 - 0x746a3000 	C:\Windows\system32\dwmapi.dll
0x0c270000 - 0x0c556000 	C:\Windows\system32\SOGOUPY.IME
0x741d0000 - 0x741d5000 	C:\Windows\system32\MSIMG32.dll
0x75200000 - 0x75221000 	C:\Windows\system32\ntmarta.dll
0x770a0000 - 0x770e5000 	C:\Windows\system32\WLDAP32.dll
0x0ca30000 - 0x0caa3000 	E:\sogouinput\SogouInput\6.2.0.7817\Resource.dll
0x702a0000 - 0x7032c000 	E:\sogouinput\SogouInput\Components\PicFace\1.0.0.719\PicFace.dll
0x71940000 - 0x7194b000 	C:\Windows\system32\msdmo.dll
0x6a8e0000 - 0x6a939000 	C:\Windows\system32\mfplat.DLL
0x745a0000 - 0x745a7000 	C:\Windows\system32\AVRT.dll
0x6fe70000 - 0x6feb5000 	E:\sogouinput\SogouInput\Components\AddressSearch\1.0.0.1137\AddressSearch.dll
0x6f4e0000 - 0x6f4f4000 	C:\Windows\system32\MSACM32.DLL
0x72c00000 - 0x72c08000 	C:\Windows\system32\imaadp32.acm
0x6f8f0000 - 0x6f8f7000 	C:\Windows\system32\msg711.acm
0x6e4e0000 - 0x6e4e9000 	C:\Windows\system32\msgsm32.acm
0x6e390000 - 0x6e398000 	C:\Windows\system32\msadp32.acm
0x6a6c0000 - 0x6a6d2000 	C:\Windows\System32\l3codeca.acm
0x746b0000 - 0x746e9000 	C:\Windows\system32\MMDevAPI.DLL
0x74aa0000 - 0x74b95000 	C:\Windows\system32\PROPSYS.dll
0x6f5a0000 - 0x6f5d0000 	C:\Windows\system32\wdmaud.drv
0x6f590000 - 0x6f594000 	C:\Windows\system32\ksuser.dll
0x77340000 - 0x774dd000 	C:\Windows\system32\SETUPAPI.dll
0x75e90000 - 0x75eb7000 	C:\Windows\system32\CFGMGR32.dll
0x75fe0000 - 0x75ff2000 	C:\Windows\system32\DEVOBJ.dll
0x6f540000 - 0x6f576000 	C:\Windows\system32\AUDIOSES.DLL
0x6f500000 - 0x6f508000 	C:\Windows\system32\msacm32.drv
0x6f4d0000 - 0x6f4d7000 	C:\Windows\system32\midimap.dll
0x692b0000 - 0x69322000 	C:\Windows\system32\DSOUND.DLL
0x745b0000 - 0x745d5000 	C:\Windows\system32\POWRPROF.dll

VM Arguments:
jvm_args: -Dfile.encoding=GBK 
java_command: ui.VoicePlay
Launcher Type: SUN_STANDARD

Environment Variables:
JAVA_HOME=D:\Java\jdk1.7.0_09
CLASSPATH=.;.;d:\java\lib\sound.jar;d:\java\lib\jmf.jar;d:\java\lib;
PATH=D:/MyEclipse 10/Common/binary/com.sun.java.jdk.win32.x86_1.6.0.013/jre/bin/client;D:/MyEclipse 10/Common/binary/com.sun.java.jdk.win32.x86_1.6.0.013/jre/bin;D:/MyEclipse 10/Common/binary/com.sun.java.jdk.win32.x86_1.6.0.013/jre/lib/i386;D:\Java\jdk1.7.0_09\bin;JAVA_HOME\bin;JAVA_HOME\jre\bin;C:\Program Files\NVIDIA Corporation\PhysX\Common;C:\Windows\system32;C:\Windows;C:\Windows\System32\Wbem;C:\Windows\System32\WindowsPowerShell\v1.0\;C:\Program Files\Microsoft SQL Server\100\Tools\Binn\;C:\Program Files\Microsoft SQL Server\100\DTS\Binn\
USERNAME=lin
OS=Windows_NT
PROCESSOR_IDENTIFIER=x86 Family 6 Model 23 Stepping 10, GenuineIntel



---------------  S Y S T E M  ---------------

OS: Windows NT 6.1 Build 7600 

CPU:total 2 (2 cores per cpu, 1 threads per core) family 6 model 7 stepping 10, cmov, cx8, fxsr, mmx, sse, sse2, sse3, ssse3

Memory: 4k page, physical 2097151k(1753300k free), swap 4194303k(4194303k free)

vm_info: Java HotSpot(TM) Client VM (11.3-b02) for windows-x86 JRE (1.6.0_13-b03), built on Mar  9 2009 01:15:24 by "java_re" with MS VC++ 7.1

time: Sun Jan 06 15:19:29 2013
elapsed time: 0 seconds

